<?xml version="1.0" encoding="UTF-8"?>
<!-- Generated by org.testng.reporters.JUnitReportReporter -->
<testsuite hostname="LTIN166583" failures="0" tests="2" name="testlisteners.demo" time="0.098" errors="0" timestamp="2024-02-20T14:52:55 IST" skipped="0">
  <testcase classname="testlisteners.demo" name="test1" time="0.073"/>
  <testcase classname="testlisteners.demo" name="test2" time="0.025"/>
</testsuite> <!-- testlisteners.demo -->
